Exporting workflows...
Exporting credential metadata...
Backing up n8n data...
[main 9f87497] backup 2026-07-02
 3 files changed, 4 insertions(+), 1 deletion(-)
 create mode 100644 backup.log
 create mode 100644 n8n-data-2026-07-02.tar.gz
To https://github.com/Ben-Bobo/n8n-backups.git
   3f33fb3..9f87497  main -> main
Backup complete: 2026-07-02
Exporting workflows...
Exporting credential metadata...
Backing up n8n data...
[main 85ff79a] backup 2026-07-03
 2 files changed, 10 insertions(+)
 create mode 100644 n8n-data-2026-07-03.tar.gz
To https://github.com/Ben-Bobo/n8n-backups.git
   9f87497..85ff79a  main -> main
Backup complete: 2026-07-03
Exporting workflows...
Exporting credential metadata...
Backing up n8n data...
